-------------------------------------------------------------------------------
Test set: runner.TestRunner
-------------------------------------------------------------------------------
Tests run: 8, Failures: 1, Errors: 0, Skipped: 0, Time elapsed: 77.6 s <<< FAILURE! - in runner.TestRunner
Search for non-existing product(Search functionality)  Time elapsed: 8.269 s  <<< FAILURE!
org.junit.ComparisonFailure: expected:<...the search criteria.[xyz]> but was:<...the search criteria.[]>

