<?xml version="1.0" encoding="UTF-8"?>
<testsuite xmlns:xsi="http://www.w3.org/2001/XMLSchema-instance" xsi:noNamespaceSchemaLocation="https://maven.apache.org/surefire/maven-surefire-plugin/xsd/surefire-test-report.xsd" name="runner.TestRunner" time="77.6" tests="8" errors="0" skipped="0" failures="1">
  <properties>
[...]
</properties>
  <testcase name="Login with valid credentials #1" classname="Login functionality" time="11.237"/>
  <testcase name="Login with valid credentials #2" classname="Login functionality" time="10.595"/>
  <testcase name="Login with invalid credentials" classname="Login functionality" time="9.182"/>
  <testcase name="Login without providing credentials" classname="Login functionality" time="8.281"/>
  <testcase name="Login with invalid email credentials and valid password" classname="Login functionality" time="9.69"/>
  <testcase name="Login with entering  valid email and invalid password" classname="Login functionality" time="9.527"/>
  <testcase name="Search for a valid product" classname="Search functionality" time="6.599"/>
  <testcase name="Search for non-existing product" classname="Search functionality" time="8.269">
    <failure message="expected:&lt;...the search criteria.[xyz]&gt; but was:&lt;...the search criteria.[]&gt;" type="org.junit.ComparisonFailure"><![CDATA[org.junit.ComparisonFailure: expected:<...the search criteria.[xyz]> but was:<...the search criteria.[]>
]]></failure>
    <system-out><![CDATA[
Scenario: Search for non-existing product                                            &amp#27;[90m# src/test/resource/features/Search.feature:12&amp#27;[0m
  &amp#27;[32mGiven &amp#27;[0m&amp#27;[32mUser opens application&amp#27;[0m                                                       &amp#27;[90m# stepdefinitions.Search.user_opens_application()&amp#27;[0m
  &amp#27;[32mWhen &amp#27;[0m&amp#27;[32mUser enters product &amp#27;[0m&amp#27;[32m&amp#27;[1m"Honda"&amp#27;[0m&amp#27;[32m in search field&amp#27;[0m                                   &amp#27;[90m# stepdefinitions.Search.user_enters_product_in_search_field(java.lang.String)&amp#27;[0m
  &amp#27;[32mAnd &amp#27;[0m&amp#27;[32mUser clicks on search button&amp#27;[0m                                                   &amp#27;[90m# stepdefinitions.Search.user_clicks_on_search_button()&amp#27;[0m
  &amp#27;[31mThen &amp#27;[0m&amp#27;[31mProper text informing the user about no matching products should be displayed&amp#27;[0m &amp#27;[90m# stepdefinitions.Search.proper_text_informing_the_user_about_no_matching_products_should_be_displayed()&amp#27;[0m
      &amp#27;[31morg.junit.ComparisonFailure: expected:<...the search criteria.[xyz]> but was:<...the search criteria.[]>
	at org.junit.Assert.assertEquals(Assert.java:115)
	at org.junit.Assert.assertEquals(Assert.java:144)
	at stepdefinitions.Search.proper_text_informing_the_user_about_no_matching_products_should_be_displayed(Search.java:42)
	at ✽.Proper text informing the user about no matching products should be displayed(file:///C:/Shailaja/EclipseWorkspace/cucumberhybrid/src/test/resource/features/Search.feature:16)
&amp#27;[0m

    Embedding Search_for_non-existing_product [image/png 80750 bytes]

]]></system-out>
  </testcase>
</testsuite>